
*** Running vivado
    with args -log Prj_ClockStopWatch.vds -m64 -product Vivado -mode batch -messageDb vivado.pb -notrace -source Prj_ClockStopWatch.tcl


****** Vivado v2020.2 (64-bit)
  **** SW Build 3064766 on Wed Nov 18 09:12:47 MST 2020
  **** IP Build 3064653 on Wed Nov 18 14:17:31 MST 2020
    ** Copyright 1986-2020 Xilinx, Inc. All Rights Reserved.

source Prj_ClockStopWatch.tcl -notrace
Command: synth_design -top Prj_ClockStopWatch -part xc7a35tcpg236-1
Starting synth_design
Attempting to get a license for feature 'Synthesis' and/or device 'xc7a35t'
INFO: [Common 17-349] Got license for feature 'Synthesis' and/or device 'xc7a35t'
INFO: [Device 21-403] Loading part xc7a35tcpg236-1
INFO: [Synth 8-7079] Multithreading enabled for synth_design using a maximum of 4 processes.
INFO: [Synth 8-7078] Launching helper process for spawning children vivado processes
INFO: [Synth 8-7075] Helper process launched with PID 1099080
---------------------------------------------------------------------------------
Starting RTL Elaboration : Time (s): cpu = 00:00:02 ; elapsed = 00:00:02 . Memory (MB): peak = 2387.969 ; gain = 0.000 ; free physical = 386 ; free virtual = 4023
---------------------------------------------------------------------------------
INFO: [Synth 8-6157] synthesizing module 'Prj_ClockStopWatch' [/home/yonn/vivado_project/20240524_Project/20240524_Project.srcs/sources_1/new/Prj_clkStopWatch.v:5]
INFO: [Synth 8-6157] synthesizing module 'controlUnit' [/home/yonn/vivado_project/20240524_Project/20240524_Project.srcs/sources_1/new/controlUnit.v:3]
INFO: [Synth 8-6157] synthesizing module 'button' [/home/yonn/vivado_project/20240524_Project/20240524_Project.srcs/sources_1/imports/new/button.v:4]
	Parameter N bound to: 2 - type: integer 
INFO: [Synth 8-6155] done synthesizing module 'button' (1#1) [/home/yonn/vivado_project/20240524_Project/20240524_Project.srcs/sources_1/imports/new/button.v:4]
INFO: [Synth 8-6157] synthesizing module 'uart_fifo' [/home/yonn/vivado_project/20240524_Project/20240524_Project.srcs/sources_1/new/uartfifo.v:3]
INFO: [Synth 8-6157] synthesizing module 'FIFO' [/home/yonn/vivado_project/20240524_Project/20240524_Project.srcs/sources_1/imports/new/FIFO.v:2]
	Parameter ADDR_WIDTH bound to: 3 - type: integer 
	Parameter DATA_WIDTH bound to: 8 - type: integer 
INFO: [Synth 8-6157] synthesizing module 'register_file' [/home/yonn/vivado_project/20240524_Project/20240524_Project.srcs/sources_1/imports/new/FIFO.v:47]
	Parameter ADDR_WIDTH bound to: 3 - type: integer 
	Parameter DATA_WIDTH bound to: 8 - type: integer 
INFO: [Synth 8-6155] done synthesizing module 'register_file' (2#1) [/home/yonn/vivado_project/20240524_Project/20240524_Project.srcs/sources_1/imports/new/FIFO.v:47]
INFO: [Synth 8-6157] synthesizing module 'fifo_control_unit' [/home/yonn/vivado_project/20240524_Project/20240524_Project.srcs/sources_1/imports/new/FIFO.v:68]
	Parameter ADDR_WIDTH bound to: 3 - type: integer 
INFO: [Synth 8-155] case statement is not full and has no default [/home/yonn/vivado_project/20240524_Project/20240524_Project.srcs/sources_1/imports/new/FIFO.v:111]
INFO: [Synth 8-6155] done synthesizing module 'fifo_control_unit' (3#1) [/home/yonn/vivado_project/20240524_Project/20240524_Project.srcs/sources_1/imports/new/FIFO.v:68]
INFO: [Synth 8-6155] done synthesizing module 'FIFO' (4#1) [/home/yonn/vivado_project/20240524_Project/20240524_Project.srcs/sources_1/imports/new/FIFO.v:2]
INFO: [Synth 8-6157] synthesizing module 'uart' [/home/yonn/vivado_project/20240524_Project/20240524_Project.srcs/sources_1/new/uart.v:4]
INFO: [Synth 8-6157] synthesizing module 'baudrate_generator' [/home/yonn/vivado_project/20240524_Project/20240524_Project.srcs/sources_1/new/uart.v:47]
INFO: [Synth 8-6155] done synthesizing module 'baudrate_generator' (5#1) [/home/yonn/vivado_project/20240524_Project/20240524_Project.srcs/sources_1/new/uart.v:47]
INFO: [Synth 8-6157] synthesizing module 'transmitter' [/home/yonn/vivado_project/20240524_Project/20240524_Project.srcs/sources_1/new/uart.v:81]
	Parameter IDLE bound to: 0 - type: integer 
	Parameter START bound to: 1 - type: integer 
	Parameter DATA bound to: 2 - type: integer 
	Parameter STOP bound to: 3 - type: integer 
INFO: [Synth 8-6155] done synthesizing module 'transmitter' (6#1) [/home/yonn/vivado_project/20240524_Project/20240524_Project.srcs/sources_1/new/uart.v:81]
INFO: [Synth 8-6157] synthesizing module 'receiver' [/home/yonn/vivado_project/20240524_Project/20240524_Project.srcs/sources_1/new/uart.v:183]
	Parameter IDLE bound to: 0 - type: integer 
	Parameter START bound to: 1 - type: integer 
	Parameter DATA bound to: 2 - type: integer 
	Parameter STOP bound to: 3 - type: integer 
INFO: [Synth 8-6155] done synthesizing module 'receiver' (7#1) [/home/yonn/vivado_project/20240524_Project/20240524_Project.srcs/sources_1/new/uart.v:183]
INFO: [Synth 8-6155] done synthesizing module 'uart' (8#1) [/home/yonn/vivado_project/20240524_Project/20240524_Project.srcs/sources_1/new/uart.v:4]
INFO: [Synth 8-6155] done synthesizing module 'uart_fifo' (9#1) [/home/yonn/vivado_project/20240524_Project/20240524_Project.srcs/sources_1/new/uartfifo.v:3]
INFO: [Synth 8-6157] synthesizing module 'controlFSM' [/home/yonn/vivado_project/20240524_Project/20240524_Project.srcs/sources_1/new/controlUnit.v:75]
	Parameter CLOCK bound to: 0 - type: integer 
	Parameter STOPWATCH bound to: 1 - type: integer 
INFO: [Synth 8-155] case statement is not full and has no default [/home/yonn/vivado_project/20240524_Project/20240524_Project.srcs/sources_1/new/controlUnit.v:130]
INFO: [Synth 8-6155] done synthesizing module 'controlFSM' (10#1) [/home/yonn/vivado_project/20240524_Project/20240524_Project.srcs/sources_1/new/controlUnit.v:75]
INFO: [Synth 8-6155] done synthesizing module 'controlUnit' (11#1) [/home/yonn/vivado_project/20240524_Project/20240524_Project.srcs/sources_1/new/controlUnit.v:3]
INFO: [Synth 8-6157] synthesizing module 'stopWatch' [/home/yonn/vivado_project/20240524_Project/20240524_Project.srcs/sources_1/new/stopwatch.v:3]
INFO: [Synth 8-6157] synthesizing module 'clkDiv' [/home/yonn/vivado_project/20240524_Project/20240524_Project.srcs/sources_1/new/stopwatch.v:181]
	Parameter MAX_COUNT bound to: 1000000 - type: integer 
INFO: [Synth 8-6155] done synthesizing module 'clkDiv' (12#1) [/home/yonn/vivado_project/20240524_Project/20240524_Project.srcs/sources_1/new/stopwatch.v:181]
INFO: [Synth 8-6157] synthesizing module 'prjStopWatch' [/home/yonn/vivado_project/20240524_Project/20240524_Project.srcs/sources_1/new/stopwatch.v:53]
	Parameter STOP bound to: 0 - type: integer 
	Parameter START bound to: 1 - type: integer 
	Parameter CLEAR bound to: 2 - type: integer 
INFO: [Synth 8-155] case statement is not full and has no default [/home/yonn/vivado_project/20240524_Project/20240524_Project.srcs/sources_1/new/stopwatch.v:118]
INFO: [Synth 8-6155] done synthesizing module 'prjStopWatch' (13#1) [/home/yonn/vivado_project/20240524_Project/20240524_Project.srcs/sources_1/new/stopwatch.v:53]
INFO: [Synth 8-6157] synthesizing module 'mux2x1' [/home/yonn/vivado_project/20240524_Project/20240524_Project.srcs/sources_1/new/fndController.v:174]
INFO: [Synth 8-226] default block is never used [/home/yonn/vivado_project/20240524_Project/20240524_Project.srcs/sources_1/new/fndController.v:182]
INFO: [Synth 8-6155] done synthesizing module 'mux2x1' (14#1) [/home/yonn/vivado_project/20240524_Project/20240524_Project.srcs/sources_1/new/fndController.v:174]
INFO: [Synth 8-6155] done synthesizing module 'stopWatch' (15#1) [/home/yonn/vivado_project/20240524_Project/20240524_Project.srcs/sources_1/new/stopwatch.v:3]
INFO: [Synth 8-6157] synthesizing module 'prjClock' [/home/yonn/vivado_project/20240524_Project/20240524_Project.srcs/sources_1/new/clock.v:4]
INFO: [Synth 8-6157] synthesizing module 'clock' [/home/yonn/vivado_project/20240524_Project/20240524_Project.srcs/sources_1/new/clock.v:55]
	Parameter NONE bound to: 0 - type: integer 
	Parameter MILISET bound to: 1 - type: integer 
	Parameter SECSET bound to: 2 - type: integer 
	Parameter MINSET bound to: 3 - type: integer 
	Parameter HOURSET bound to: 4 - type: integer 
INFO: [Synth 8-155] case statement is not full and has no default [/home/yonn/vivado_project/20240524_Project/20240524_Project.srcs/sources_1/new/clock.v:114]
WARNING: [Synth 8-567] referenced signal 'state' should be on the sensitivity list [/home/yonn/vivado_project/20240524_Project/20240524_Project.srcs/sources_1/new/clock.v:105]
WARNING: [Synth 8-567] referenced signal 'count_hour_reg' should be on the sensitivity list [/home/yonn/vivado_project/20240524_Project/20240524_Project.srcs/sources_1/new/clock.v:105]
WARNING: [Synth 8-567] referenced signal 'count_min_reg' should be on the sensitivity list [/home/yonn/vivado_project/20240524_Project/20240524_Project.srcs/sources_1/new/clock.v:105]
WARNING: [Synth 8-567] referenced signal 'count_sec_reg' should be on the sensitivity list [/home/yonn/vivado_project/20240524_Project/20240524_Project.srcs/sources_1/new/clock.v:105]
WARNING: [Synth 8-567] referenced signal 'count_msec_reg' should be on the sensitivity list [/home/yonn/vivado_project/20240524_Project/20240524_Project.srcs/sources_1/new/clock.v:105]
WARNING: [Synth 8-567] referenced signal 'selMode' should be on the sensitivity list [/home/yonn/vivado_project/20240524_Project/20240524_Project.srcs/sources_1/new/clock.v:105]
WARNING: [Synth 8-567] referenced signal 'sw_digit' should be on the sensitivity list [/home/yonn/vivado_project/20240524_Project/20240524_Project.srcs/sources_1/new/clock.v:105]
INFO: [Synth 8-6155] done synthesizing module 'clock' (16#1) [/home/yonn/vivado_project/20240524_Project/20240524_Project.srcs/sources_1/new/clock.v:55]
INFO: [Synth 8-6155] done synthesizing module 'prjClock' (17#1) [/home/yonn/vivado_project/20240524_Project/20240524_Project.srcs/sources_1/new/clock.v:4]
INFO: [Synth 8-6157] synthesizing module 'modeLedOut' [/home/yonn/vivado_project/20240524_Project/20240524_Project.srcs/sources_1/new/Prj_clkStopWatch.v:90]
INFO: [Synth 8-6155] done synthesizing module 'modeLedOut' (18#1) [/home/yonn/vivado_project/20240524_Project/20240524_Project.srcs/sources_1/new/Prj_clkStopWatch.v:90]
INFO: [Synth 8-6157] synthesizing module 'fndController' [/home/yonn/vivado_project/20240524_Project/20240524_Project.srcs/sources_1/new/fndController.v:4]
INFO: [Synth 8-6157] synthesizing module 'clkDiv__parameterized0' [/home/yonn/vivado_project/20240524_Project/20240524_Project.srcs/sources_1/new/stopwatch.v:181]
	Parameter MAX_COUNT bound to: 100000 - type: integer 
INFO: [Synth 8-6155] done synthesizing module 'clkDiv__parameterized0' (18#1) [/home/yonn/vivado_project/20240524_Project/20240524_Project.srcs/sources_1/new/stopwatch.v:181]
INFO: [Synth 8-6157] synthesizing module 'clkDiv__parameterized1' [/home/yonn/vivado_project/20240524_Project/20240524_Project.srcs/sources_1/new/stopwatch.v:181]
	Parameter MAX_COUNT bound to: 100000000 - type: integer 
INFO: [Synth 8-6155] done synthesizing module 'clkDiv__parameterized1' (18#1) [/home/yonn/vivado_project/20240524_Project/20240524_Project.srcs/sources_1/new/stopwatch.v:181]
INFO: [Synth 8-6157] synthesizing module 'counter' [/home/yonn/vivado_project/20240524_Project/20240524_Project.srcs/sources_1/new/fndController.v:243]
	Parameter MAX_COUNT bound to: 5 - type: integer 
INFO: [Synth 8-6155] done synthesizing module 'counter' (19#1) [/home/yonn/vivado_project/20240524_Project/20240524_Project.srcs/sources_1/new/fndController.v:243]
WARNING: [Synth 8-7071] port 'min' of module 'counter' is unconnected for instance 'U_Counter_3bit' [/home/yonn/vivado_project/20240524_Project/20240524_Project.srcs/sources_1/new/fndController.v:39]
WARNING: [Synth 8-7023] instance 'U_Counter_3bit' of module 'counter' has 4 connections declared, but only 3 given [/home/yonn/vivado_project/20240524_Project/20240524_Project.srcs/sources_1/new/fndController.v:39]
INFO: [Synth 8-6157] synthesizing module 'Fndset' [/home/yonn/vivado_project/20240524_Project/20240524_Project.srcs/sources_1/new/fndController.v:221]
INFO: [Synth 8-6155] done synthesizing module 'Fndset' (20#1) [/home/yonn/vivado_project/20240524_Project/20240524_Project.srcs/sources_1/new/fndController.v:221]
INFO: [Synth 8-6157] synthesizing module 'digitSplitter' [/home/yonn/vivado_project/20240524_Project/20240524_Project.srcs/sources_1/new/fndController.v:141]
INFO: [Synth 8-6155] done synthesizing module 'digitSplitter' (21#1) [/home/yonn/vivado_project/20240524_Project/20240524_Project.srcs/sources_1/new/fndController.v:141]
INFO: [Synth 8-6157] synthesizing module 'mux' [/home/yonn/vivado_project/20240524_Project/20240524_Project.srcs/sources_1/new/fndController.v:152]
INFO: [Synth 8-6155] done synthesizing module 'mux' (22#1) [/home/yonn/vivado_project/20240524_Project/20240524_Project.srcs/sources_1/new/fndController.v:152]
INFO: [Synth 8-6157] synthesizing module 'BCDtoSEG' [/home/yonn/vivado_project/20240524_Project/20240524_Project.srcs/sources_1/new/fndController.v:190]
INFO: [Synth 8-226] default block is never used [/home/yonn/vivado_project/20240524_Project/20240524_Project.srcs/sources_1/new/fndController.v:196]
INFO: [Synth 8-6155] done synthesizing module 'BCDtoSEG' (23#1) [/home/yonn/vivado_project/20240524_Project/20240524_Project.srcs/sources_1/new/fndController.v:190]
INFO: [Synth 8-6157] synthesizing module 'comparator_stop' [/home/yonn/vivado_project/20240524_Project/20240524_Project.srcs/sources_1/new/fndController.v:119]
INFO: [Synth 8-6155] done synthesizing module 'comparator_stop' (24#1) [/home/yonn/vivado_project/20240524_Project/20240524_Project.srcs/sources_1/new/fndController.v:119]
INFO: [Synth 8-6157] synthesizing module 'comparator_clock' [/home/yonn/vivado_project/20240524_Project/20240524_Project.srcs/sources_1/new/fndController.v:97]
INFO: [Synth 8-6155] done synthesizing module 'comparator_clock' (25#1) [/home/yonn/vivado_project/20240524_Project/20240524_Project.srcs/sources_1/new/fndController.v:97]
WARNING: [Synth 8-689] width (4) of port connection 'y' does not match port width (7) of module 'mux2x1' [/home/yonn/vivado_project/20240524_Project/20240524_Project.srcs/sources_1/new/fndController.v:91]
INFO: [Synth 8-6155] done synthesizing module 'fndController' (26#1) [/home/yonn/vivado_project/20240524_Project/20240524_Project.srcs/sources_1/new/fndController.v:4]
INFO: [Synth 8-6155] done synthesizing module 'Prj_ClockStopWatch' (27#1) [/home/yonn/vivado_project/20240524_Project/20240524_Project.srcs/sources_1/new/Prj_clkStopWatch.v:5]
---------------------------------------------------------------------------------
Finished RTL Elaboration : Time (s): cpu = 00:00:03 ; elapsed = 00:00:03 . Memory (MB): peak = 2387.969 ; gain = 0.000 ; free physical = 298 ; free virtual = 3936
---------------------------------------------------------------------------------
---------------------------------------------------------------------------------
Start Handling Custom Attributes
---------------------------------------------------------------------------------
---------------------------------------------------------------------------------
Finished Handling Custom Attributes : Time (s): cpu = 00:00:03 ; elapsed = 00:00:03 . Memory (MB): peak = 2387.969 ; gain = 0.000 ; free physical = 977 ; free virtual = 4615
---------------------------------------------------------------------------------
---------------------------------------------------------------------------------
Finished RTL Optimization Phase 1 : Time (s): cpu = 00:00:03 ; elapsed = 00:00:03 . Memory (MB): peak = 2387.969 ; gain = 0.000 ; free physical = 977 ; free virtual = 4615
---------------------------------------------------------------------------------
Netlist sorting complete. Time (s): cpu = 00:00:00 ; elapsed = 00:00:00 . Memory (MB): peak = 2387.969 ; gain = 0.000 ; free physical = 971 ; free virtual = 4608
INFO: [Project 1-570] Preparing netlist for logic optimization

Processing XDC Constraints
Initializing timing engine
Parsing XDC File [/home/yonn/vivado_project/20240524_Project/20240524_Project.srcs/constrs_1/imports/vivado_project/MY_Basys-3-Master.xdc]
Finished Parsing XDC File [/home/yonn/vivado_project/20240524_Project/20240524_Project.srcs/constrs_1/imports/vivado_project/MY_Basys-3-Master.xdc]
INFO: [Project 1-236] Implementation specific constraints were found while reading constraint file [/home/yonn/vivado_project/20240524_Project/20240524_Project.srcs/constrs_1/imports/vivado_project/MY_Basys-3-Master.xdc]. These constraints will be ignored for synthesis but will be used in implementation. Impacted constraints are listed in the file [.Xil/Prj_ClockStopWatch_propImpl.xdc].
Resolution: To avoid this warning, move constraints listed in [.Xil/Prj_ClockStopWatch_propImpl.xdc] to another XDC file and exclude this new file from synthesis with the used_in_synthesis property (File Properties dialog in GUI) and re-run elaboration/synthesis.
Completed Processing XDC Constraints

Netlist sorting complete. Time (s): cpu = 00:00:00 ; elapsed = 00:00:00 . Memory (MB): peak = 2452.000 ; gain = 0.000 ; free physical = 862 ; free virtual = 4499
INFO: [Project 1-111] Unisim Transformation Summary:
No Unisim elements were transformed.

Constraint Validation Runtime : Time (s): cpu = 00:00:00 ; elapsed = 00:00:00.01 . Memory (MB): peak = 2452.000 ; gain = 0.000 ; free physical = 862 ; free virtual = 4499
---------------------------------------------------------------------------------
Finished Constraint Validation : Time (s): cpu = 00:00:06 ; elapsed = 00:00:07 . Memory (MB): peak = 2452.000 ; gain = 64.031 ; free physical = 1008 ; free virtual = 4645
---------------------------------------------------------------------------------
---------------------------------------------------------------------------------
Start Loading Part and Timing Information
---------------------------------------------------------------------------------
Loading part: xc7a35tcpg236-1
---------------------------------------------------------------------------------
Finished Loading Part and Timing Information : Time (s): cpu = 00:00:06 ; elapsed = 00:00:07 . Memory (MB): peak = 2452.000 ; gain = 64.031 ; free physical = 1010 ; free virtual = 4647
---------------------------------------------------------------------------------
---------------------------------------------------------------------------------
Start Applying 'set_property' XDC Constraints
---------------------------------------------------------------------------------
---------------------------------------------------------------------------------
Finished applying 'set_property' XDC Constraints : Time (s): cpu = 00:00:06 ; elapsed = 00:00:07 . Memory (MB): peak = 2452.000 ; gain = 64.031 ; free physical = 1010 ; free virtual = 4647
---------------------------------------------------------------------------------
INFO: [Synth 8-802] inferred FSM for state register 'state_reg' in module 'transmitter'
INFO: [Synth 8-802] inferred FSM for state register 'state_reg' in module 'receiver'
INFO: [Synth 8-802] inferred FSM for state register 'state_reg' in module 'prjStopWatch'
INFO: [Synth 8-802] inferred FSM for state register 'state_reg' in module 'clock'
---------------------------------------------------------------------------------------------------
                   State |                     New Encoding |                Previous Encoding 
---------------------------------------------------------------------------------------------------
                    IDLE |                               00 |                               00
                   START |                               01 |                               01
                    DATA |                               10 |                               10
                    STOP |                               11 |                               11
---------------------------------------------------------------------------------------------------
INFO: [Synth 8-3354] encoded FSM with state register 'state_reg' using encoding 'sequential' in module 'transmitter'
WARNING: [Synth 8-327] inferring latch for variable 'tx_done_reg_reg' [/home/yonn/vivado_project/20240524_Project/20240524_Project.srcs/sources_1/new/uart.v:126]
---------------------------------------------------------------------------------------------------
                   State |                     New Encoding |                Previous Encoding 
---------------------------------------------------------------------------------------------------
                    IDLE |                               00 |                               00
                   START |                               01 |                               01
                    DATA |                               10 |                               10
                    STOP |                               11 |                               11
---------------------------------------------------------------------------------------------------
INFO: [Synth 8-3354] encoded FSM with state register 'state_reg' using encoding 'sequential' in module 'receiver'
---------------------------------------------------------------------------------------------------
                   State |                     New Encoding |                Previous Encoding 
---------------------------------------------------------------------------------------------------
                    STOP |                               00 |                               00
                   START |                               01 |                               01
                   CLEAR |                               10 |                               10
---------------------------------------------------------------------------------------------------
INFO: [Synth 8-3354] encoded FSM with state register 'state_reg' using encoding 'sequential' in module 'prjStopWatch'
---------------------------------------------------------------------------------------------------
                   State |                     New Encoding |                Previous Encoding 
---------------------------------------------------------------------------------------------------
                    NONE |                              000 |                              000
                  MINSET |                              001 |                              011
                 HOURSET |                              010 |                              100
                 MILISET |                              011 |                              001
                  SECSET |                              100 |                              010
---------------------------------------------------------------------------------------------------
INFO: [Synth 8-3354] encoded FSM with state register 'state_reg' using encoding 'sequential' in module 'clock'
---------------------------------------------------------------------------------
Finished RTL Optimization Phase 2 : Time (s): cpu = 00:00:06 ; elapsed = 00:00:07 . Memory (MB): peak = 2452.000 ; gain = 64.031 ; free physical = 1001 ; free virtual = 4640
---------------------------------------------------------------------------------
---------------------------------------------------------------------------------
Start RTL Component Statistics 
---------------------------------------------------------------------------------
Detailed RTL Component Info : 
+---Adders : 
	   2 Input   27 Bit       Adders := 1     
	   2 Input   20 Bit       Adders := 2     
	   2 Input   17 Bit       Adders := 1     
	   2 Input   10 Bit       Adders := 1     
	   2 Input    9 Bit       Adders := 2     
	   2 Input    7 Bit       Adders := 8     
	   2 Input    6 Bit       Adders := 1     
	   2 Input    5 Bit       Adders := 1     
	   2 Input    4 Bit       Adders := 1     
	   2 Input    3 Bit       Adders := 7     
	   2 Input    2 Bit       Adders := 1     
+---Registers : 
	               27 Bit    Registers := 1     
	               20 Bit    Registers := 2     
	               17 Bit    Registers := 1     
	               10 Bit    Registers := 1     
	                9 Bit    Registers := 1     
	                8 Bit    Registers := 3     
	                7 Bit    Registers := 8     
	                6 Bit    Registers := 1     
	                5 Bit    Registers := 1     
	                4 Bit    Registers := 3     
	                3 Bit    Registers := 7     
	                2 Bit    Registers := 4     
	                1 Bit    Registers := 17    
+---Muxes : 
	   2 Input   27 Bit        Muxes := 1     
	   2 Input   20 Bit        Muxes := 2     
	   2 Input   17 Bit        Muxes := 1     
	   2 Input   16 Bit        Muxes := 1     
	   4 Input    8 Bit        Muxes := 2     
	   2 Input    7 Bit        Muxes := 14    
	   3 Input    7 Bit        Muxes := 4     
	   5 Input    7 Bit        Muxes := 4     
	   2 Input    5 Bit        Muxes := 3     
	   4 Input    5 Bit        Muxes := 1     
	   2 Input    4 Bit        Muxes := 1     
	   4 Input    4 Bit        Muxes := 3     
	   6 Input    4 Bit        Muxes := 1     
	   4 Input    3 Bit        Muxes := 2     
	   5 Input    3 Bit        Muxes := 1     
	   2 Input    3 Bit        Muxes := 4     
	   4 Input    2 Bit        Muxes := 2     
	   2 Input    2 Bit        Muxes := 3     
	   3 Input    2 Bit        Muxes := 1     
	   4 Input    1 Bit        Muxes := 25    
	   2 Input    1 Bit        Muxes := 24    
	   3 Input    1 Bit        Muxes := 9     
	   5 Input    1 Bit        Muxes := 7     
---------------------------------------------------------------------------------
Finished RTL Component Statistics 
---------------------------------------------------------------------------------
---------------------------------------------------------------------------------
Start Part Resource Summary
---------------------------------------------------------------------------------
Part Resources:
DSPs: 90 (col length:60)
BRAMs: 100 (col length: RAMB18 60 RAMB36 30)
---------------------------------------------------------------------------------
Finished Part Resource Summary
---------------------------------------------------------------------------------
---------------------------------------------------------------------------------
Start Cross Boundary and Area Optimization
---------------------------------------------------------------------------------
---------------------------------------------------------------------------------
Finished Cross Boundary and Area Optimization : Time (s): cpu = 00:00:09 ; elapsed = 00:00:10 . Memory (MB): peak = 2452.000 ; gain = 64.031 ; free physical = 978 ; free virtual = 4620
---------------------------------------------------------------------------------
---------------------------------------------------------------------------------
Start ROM, RAM, DSP, Shift Register and Retiming Reporting
---------------------------------------------------------------------------------

Distributed RAM: Preliminary Mapping	Report (see note below)
+-------------------+------------------------------------------------------------+-----------+----------------------+-------------+
|Module Name        | RTL Object                                                 | Inference | Size (Depth x Width) | Primitives  | 
+-------------------+------------------------------------------------------------+-----------+----------------------+-------------+
|Prj_ClockStopWatch | U_controlUnit/U_uart_fifo/U_rxfifo/U_register_file/mem_reg | Implied   | 8 x 8                | RAM32M x 2	 | 
|Prj_ClockStopWatch | U_controlUnit/U_uart_fifo/U_txfifo/U_register_file/mem_reg | Implied   | 8 x 8                | RAM32M x 2	 | 
+-------------------+------------------------------------------------------------+-----------+----------------------+-------------+

Note: The table above is a preliminary report that shows the Distributed RAMs at the current stage of the synthesis flow. Some Distributed RAMs may be reimplemented as non Distributed RAM primitives later in the synthesis flow. Multiple instantiated RAMs are reported only once.
---------------------------------------------------------------------------------
Finished ROM, RAM, DSP, Shift Register and Retiming Reporting
---------------------------------------------------------------------------------
---------------------------------------------------------------------------------
Start Applying XDC Timing Constraints
---------------------------------------------------------------------------------
---------------------------------------------------------------------------------
Finished Applying XDC Timing Constraints : Time (s): cpu = 00:00:12 ; elapsed = 00:00:13 . Memory (MB): peak = 2452.000 ; gain = 64.031 ; free physical = 851 ; free virtual = 4492
---------------------------------------------------------------------------------
---------------------------------------------------------------------------------
Start Timing Optimization
---------------------------------------------------------------------------------
---------------------------------------------------------------------------------
Finished Timing Optimization : Time (s): cpu = 00:00:12 ; elapsed = 00:00:13 . Memory (MB): peak = 2452.000 ; gain = 64.031 ; free physical = 848 ; free virtual = 4490
---------------------------------------------------------------------------------
---------------------------------------------------------------------------------
Start ROM, RAM, DSP, Shift Register and Retiming Reporting
---------------------------------------------------------------------------------

Distributed RAM: Final Mapping	Report
+-------------------+------------------------------------------------------------+-----------+----------------------+-------------+
|Module Name        | RTL Object                                                 | Inference | Size (Depth x Width) | Primitives  | 
+-------------------+------------------------------------------------------------+-----------+----------------------+-------------+
|Prj_ClockStopWatch | U_controlUnit/U_uart_fifo/U_rxfifo/U_register_file/mem_reg | Implied   | 8 x 8                | RAM32M x 2	 | 
|Prj_ClockStopWatch | U_controlUnit/U_uart_fifo/U_txfifo/U_register_file/mem_reg | Implied   | 8 x 8                | RAM32M x 2	 | 
+-------------------+------------------------------------------------------------+-----------+----------------------+-------------+

---------------------------------------------------------------------------------
Finished ROM, RAM, DSP, Shift Register and Retiming Reporting
---------------------------------------------------------------------------------
---------------------------------------------------------------------------------
Start Technology Mapping
---------------------------------------------------------------------------------
---------------------------------------------------------------------------------
Finished Technology Mapping : Time (s): cpu = 00:00:12 ; elapsed = 00:00:13 . Memory (MB): peak = 2452.000 ; gain = 64.031 ; free physical = 845 ; free virtual = 4487
---------------------------------------------------------------------------------
---------------------------------------------------------------------------------
Start IO Insertion
---------------------------------------------------------------------------------
---------------------------------------------------------------------------------
Start Flattening Before IO Insertion
---------------------------------------------------------------------------------
---------------------------------------------------------------------------------
Finished Flattening Before IO Insertion
---------------------------------------------------------------------------------
---------------------------------------------------------------------------------
Start Final Netlist Cleanup
---------------------------------------------------------------------------------
---------------------------------------------------------------------------------
Finished Final Netlist Cleanup
---------------------------------------------------------------------------------
---------------------------------------------------------------------------------
Finished IO Insertion : Time (s): cpu = 00:00:14 ; elapsed = 00:00:15 . Memory (MB): peak = 2452.000 ; gain = 64.031 ; free physical = 845 ; free virtual = 4487
---------------------------------------------------------------------------------
---------------------------------------------------------------------------------
Start Renaming Generated Instances
---------------------------------------------------------------------------------
---------------------------------------------------------------------------------
Finished Renaming Generated Instances : Time (s): cpu = 00:00:14 ; elapsed = 00:00:15 . Memory (MB): peak = 2452.000 ; gain = 64.031 ; free physical = 845 ; free virtual = 4487
---------------------------------------------------------------------------------
---------------------------------------------------------------------------------
Start Rebuilding User Hierarchy
---------------------------------------------------------------------------------
---------------------------------------------------------------------------------
Finished Rebuilding User Hierarchy : Time (s): cpu = 00:00:14 ; elapsed = 00:00:15 . Memory (MB): peak = 2452.000 ; gain = 64.031 ; free physical = 845 ; free virtual = 4487
---------------------------------------------------------------------------------
---------------------------------------------------------------------------------
Start Renaming Generated Ports
---------------------------------------------------------------------------------
---------------------------------------------------------------------------------
Finished Renaming Generated Ports : Time (s): cpu = 00:00:14 ; elapsed = 00:00:15 . Memory (MB): peak = 2452.000 ; gain = 64.031 ; free physical = 845 ; free virtual = 4487
---------------------------------------------------------------------------------
---------------------------------------------------------------------------------
Start Handling Custom Attributes
---------------------------------------------------------------------------------
---------------------------------------------------------------------------------
Finished Handling Custom Attributes : Time (s): cpu = 00:00:14 ; elapsed = 00:00:15 . Memory (MB): peak = 2452.000 ; gain = 64.031 ; free physical = 845 ; free virtual = 4487
---------------------------------------------------------------------------------
---------------------------------------------------------------------------------
Start Renaming Generated Nets
---------------------------------------------------------------------------------
---------------------------------------------------------------------------------
Finished Renaming Generated Nets : Time (s): cpu = 00:00:14 ; elapsed = 00:00:15 . Memory (MB): peak = 2452.000 ; gain = 64.031 ; free physical = 845 ; free virtual = 4487
---------------------------------------------------------------------------------
---------------------------------------------------------------------------------
Start Writing Synthesis Report
---------------------------------------------------------------------------------

Report BlackBoxes: 
+-+--------------+----------+
| |BlackBox name |Instances |
+-+--------------+----------+
+-+--------------+----------+

Report Cell Usage: 
+------+-------+------+
|      |Cell   |Count |
+------+-------+------+
|1     |BUFG   |     1|
|2     |CARRY4 |    21|
|3     |LUT1   |    12|
|4     |LUT2   |   106|
|5     |LUT3   |    63|
|6     |LUT4   |    59|
|7     |LUT5   |    62|
|8     |LUT6   |    91|
|9     |RAM32M |     4|
|10    |FDCE   |   223|
|11    |FDPE   |     3|
|12    |FDRE   |    23|
|13    |IBUF   |     7|
|14    |OBUF   |    29|
+------+-------+------+
---------------------------------------------------------------------------------
Finished Writing Synthesis Report : Time (s): cpu = 00:00:14 ; elapsed = 00:00:15 . Memory (MB): peak = 2452.000 ; gain = 64.031 ; free physical = 845 ; free virtual = 4487
---------------------------------------------------------------------------------
Synthesis finished with 0 errors, 0 critical warnings and 1 warnings.
Synthesis Optimization Runtime : Time (s): cpu = 00:00:13 ; elapsed = 00:00:14 . Memory (MB): peak = 2452.000 ; gain = 0.000 ; free physical = 896 ; free virtual = 4538
Synthesis Optimization Complete : Time (s): cpu = 00:00:14 ; elapsed = 00:00:15 . Memory (MB): peak = 2452.000 ; gain = 64.031 ; free physical = 898 ; free virtual = 4540
INFO: [Project 1-571] Translating synthesized netlist
Netlist sorting complete. Time (s): cpu = 00:00:00 ; elapsed = 00:00:00.01 . Memory (MB): peak = 2452.000 ; gain = 0.000 ; free physical = 991 ; free virtual = 4633
INFO: [Netlist 29-17] Analyzing 25 Unisim elements for replacement
INFO: [Netlist 29-28] Unisim Transformation completed in 0 CPU seconds
INFO: [Project 1-570] Preparing netlist for logic optimization
INFO: [Opt 31-138] Pushed 0 inverter(s) to 0 load pin(s).
Netlist sorting complete. Time (s): cpu = 00:00:00 ; elapsed = 00:00:00 . Memory (MB): peak = 2452.000 ; gain = 0.000 ; free physical = 938 ; free virtual = 4580
INFO: [Project 1-111] Unisim Transformation Summary:
  A total of 4 instances were transformed.
  RAM32M => RAM32M (RAMD32(x6), RAMS32(x2)): 4 instances

INFO: [Common 17-83] Releasing license: Synthesis
87 Infos, 11 Warnings, 0 Critical Warnings and 0 Errors encountered.
synth_design completed successfully
synth_design: Time (s): cpu = 00:00:20 ; elapsed = 00:00:17 . Memory (MB): peak = 2452.000 ; gain = 159.562 ; free physical = 990 ; free virtual = 4632
INFO: [Common 17-1381] The checkpoint '/home/yonn/vivado_project/20240524_Project/20240524_Project.runs/synth_1/Prj_ClockStopWatch.dcp' has been generated.
INFO: [runtcl-4] Executing : report_utilization -file Prj_ClockStopWatch_utilization_synth.rpt -pb Prj_ClockStopWatch_utilization_synth.pb
INFO: [Common 17-206] Exiting Vivado at Sat May 25 21:05:44 2024...
